This is pdfTeX, Version 3.14159265-2.6-1.40.21 (MiKTeX 20.6.29) (preloaded format=pdflatex 2020.7.6)  23 OCT 2020 17:25
entering extended mode
**./main.tex
(main.tex
LaTeX2e <2020-02-02> patch level 5
L3 programming layer <2020-06-18>
(C:\Users\Johannes\AppData\Roaming\MiKTeX\2.9\tex/latex/koma-script\scrbook.cls
Document Class: scrbook 2020/04/19 v3.30 KOMA-Script document class (book)

(C:\Users\Johannes\AppData\Roaming\MiKTeX\2.9\tex/latex/koma-script\scrkbase.st
y
Package: scrkbase 2020/04/19 v3.30 KOMA-Script package (KOMA-Script-dependent b
asics and keyval usage)

(C:\Users\Johannes\AppData\Roaming\MiKTeX\2.9\tex/latex/koma-script\scrbase.sty
Package: scrbase 2020/04/19 v3.30 KOMA-Script package (KOMA-Script-independent 
basics and keyval usage)
("C:\Program Files\MiKTeX 2.9\tex/latex/graphics\keyval.sty"
Package: keyval 2014/10/28 v1.15 key=value parser (DPC)
\KV@toks@=\toks15
)
(C:\Users\Johannes\AppData\Roaming\MiKTeX\2.9\tex/latex/koma-script\scrlfile.st
y
Package: scrlfile 2020/04/19 v3.30 KOMA-Script package (loading files)
)))
(C:\Users\Johannes\AppData\Roaming\MiKTeX\2.9\tex/latex/koma-script\tocbasic.st
y
Package: tocbasic 2020/04/19 v3.30 KOMA-Script package (handling toc-files)
\scr@dte@tocline@numberwidth=\skip47
\scr@dte@tocline@numbox=\box45
)
Package tocbasic Info: babel extension for `toc' omitted
(tocbasic)             because of missing \bbl@set@language on input line 137.
Package scrbook Info: You've used standard option `12pt'.
(scrbook)             This is correct!
(scrbook)             Internally I'm using `fontsize=12pt'.
(scrbook)             If you'd like to set the option with \KOMAoptions,
(scrbook)             you'd have to use `fontsize=12pt' there
(scrbook)             instead of `12pt', too.
Class scrbook Info: You've used standard option `oneside'.
(scrbook)           This is correct!
(scrbook)           Internally I'm using `twoside=false'.
(scrbook)           If you'd like to set the option with \KOMAoptions,
(scrbook)           you'd have to use `twoside=false' there
(scrbook)           instead of `oneside', too.
Class scrbook Info: File `scrsize12pt.clo' used to setup font sizes on input li
ne 2427.

(C:\Users\Johannes\AppData\Roaming\MiKTeX\2.9\tex/latex/koma-script\scrsize12pt
.clo
File: scrsize12pt.clo 2020/04/19 v3.30 KOMA-Script font size class option (12pt
)
)
(C:\Users\Johannes\AppData\Roaming\MiKTeX\2.9\tex/latex/koma-script\typearea.st
y
Package: typearea 2020/04/19 v3.30 KOMA-Script package (type area)
\ta@bcor=\skip48
\ta@div=\count167
Package typearea Info: You've used standard option `a4paper'.
(typearea)             This is correct!
(typearea)             Internally I'm using `paper=a4'.
(typearea)             If you'd like to set the option with \KOMAoptions,
(typearea)             you'd have to use `paper=a4' there
(typearea)             instead of `a4paper', too.
Package typearea Info: You've used standard option `oneside'.
(typearea)             This is correct!
(typearea)             Internally I'm using `twoside=false'.
(typearea)             If you'd like to set the option with \KOMAoptions,
(typearea)             you'd have to use `twoside=false' there
(typearea)             instead of `oneside', too.
\ta@hblk=\skip49
\ta@vblk=\skip50
\ta@temp=\skip51
\footheight=\skip52
Package typearea Info: These are the values describing the layout:
(typearea)             DIV  = 12
(typearea)             BCOR = 0.0pt
(typearea)             \paperwidth      = 597.50793pt
(typearea)              \textwidth      = 448.13095pt
(typearea)              DIV departure   = -6%
(typearea)              \evensidemargin = 2.4185pt
(typearea)              \oddsidemargin  = 2.4185pt
(typearea)             \paperheight     = 845.04694pt
(typearea)              \textheight     = 635.5pt
(typearea)              \topmargin      = -41.72441pt
(typearea)              \headheight     = 18.125pt
(typearea)              \headsep        = 21.75pt
(typearea)              \topskip        = 12.0pt
(typearea)              \footskip       = 50.75pt
(typearea)              \baselineskip   = 14.5pt
(typearea)              on input line 1738.
)
\c@part=\count168
\c@chapter=\count169
\c@section=\count170
\c@subsection=\count171
\c@subsubsection=\count172
\c@paragraph=\count173
\c@subparagraph=\count174
\scr@dte@chapter@maxnumwidth=\skip53
Class scrbook Info: using compatibility default `afterindent=bysign'
(scrbook)           for `\chapter on input line 5586.
\scr@dte@section@maxnumwidth=\skip54
Class scrbook Info: using compatibility default `runin=bysign'
(scrbook)           for `\section on input line 5596.
Class scrbook Info: using compatibility default `afterindent=bysign'
(scrbook)           for `\section on input line 5596.
\scr@dte@part@maxnumwidth=\skip55
Class scrbook Info: using compatibility default `afterindent=true'
(scrbook)           for `\part on input line 5605.
\scr@dte@subsection@maxnumwidth=\skip56
Class scrbook Info: using compatibility default `runin=bysign'
(scrbook)           for `\subsection on input line 5615.
Class scrbook Info: using compatibility default `afterindent=bysign'
(scrbook)           for `\subsection on input line 5615.
\scr@dte@subsubsection@maxnumwidth=\skip57
Class scrbook Info: using compatibility default `runin=bysign'
(scrbook)           for `\subsubsection on input line 5625.
Class scrbook Info: using compatibility default `afterindent=bysign'
(scrbook)           for `\subsubsection on input line 5625.
\scr@dte@paragraph@maxnumwidth=\skip58
Class scrbook Info: using compatibility default `runin=bysign'
(scrbook)           for `\paragraph on input line 5635.
Class scrbook Info: using compatibility default `afterindent=bysign'
(scrbook)           for `\paragraph on input line 5635.
\scr@dte@subparagraph@maxnumwidth=\skip59
Class scrbook Info: using compatibility default `runin=bysign'
(scrbook)           for `\subparagraph on input line 5645.
Class scrbook Info: using compatibility default `afterindent=bysign'
(scrbook)           for `\subparagraph on input line 5645.
\abovecaptionskip=\skip60
\belowcaptionskip=\skip61
\c@pti@nb@sid@b@x=\box46
Package tocbasic Info: babel extension for `lof' omitted
(tocbasic)             because of missing \bbl@set@language on input line 6887.

\scr@dte@figure@maxnumwidth=\skip62
\c@figure=\count175
Package tocbasic Info: babel extension for `lot' omitted
(tocbasic)             because of missing \bbl@set@language on input line 6908.

\scr@dte@table@maxnumwidth=\skip63
\c@table=\count176
Class scrbook Info: Redefining `\numberline' on input line 7081.
\bibindent=\dimen134
) ("C:\Program Files\MiKTeX 2.9\tex/generic/babel\babel.sty"
Package: babel 2020/06/10 3.45 The Babel package

("C:\Program Files\MiKTeX 2.9\tex/generic/babel\babel.def"
File: babel.def 2020/06/10 3.45 Babel common definitions
\babel@savecnt=\count177
\U@D=\dimen135
\l@babelnohyphens=\language83

("C:\Program Files\MiKTeX 2.9\tex/generic/babel\txtbabel.def")
\bbl@readstream=\read2
)
\bbl@dirlevel=\count178

*************************************
* Local config file bblopts.cfg used
*
(C:\Users\Johannes\AppData\Roaming\MiKTeX\2.9\tex/latex/arabi\bblopts.cfg
File: bblopts.cfg 2005/09/08 v0.1 add Arabic and Farsi to "declared" options of
 babel
)
("C:\Program Files\MiKTeX 2.9\tex/latex/babel-german\ngerman.ldf"
Language: ngerman 2018/12/08 v2.11 German support for babel (post-1996 orthogra
phy)

("C:\Program Files\MiKTeX 2.9\tex/latex/babel-german\ngermanb.ldf"
Language: ngermanb 2018/12/08 v2.11 German support for babel (post-1996 orthogr
aphy)
Package babel Info: Making " an active character on input line 121.
)))
("C:\Program Files\MiKTeX 2.9\tex/latex/base\inputenc.sty"
Package: inputenc 2018/08/11 v1.3c Input encoding file
\inpenc@prehook=\toks16
\inpenc@posthook=\toks17
)
("C:\Program Files\MiKTeX 2.9\tex/latex/geometry\geometry.sty"
Package: geometry 2020/01/02 v5.9 Page Geometry

(C:\Users\Johannes\AppData\Roaming\MiKTeX\2.9\tex/generic/iftex\ifvtex.sty
Package: ifvtex 2019/10/25 v1.7 ifvtex legacy package. Use iftex instead.

(C:\Users\Johannes\AppData\Roaming\MiKTeX\2.9\tex/generic/iftex\iftex.sty
Package: iftex 2020/03/06 v1.0d TeX engine tests
))
\Gm@cnth=\count179
\Gm@cntv=\count180
\c@Gm@tempcnt=\count181
\Gm@bindingoffset=\dimen136
\Gm@wd@mp=\dimen137
\Gm@odd@mp=\dimen138
\Gm@even@mp=\dimen139
\Gm@layoutwidth=\dimen140
\Gm@layoutheight=\dimen141
\Gm@layouthoffset=\dimen142
\Gm@layoutvoffset=\dimen143
\Gm@dimlist=\toks18

("C:\Program Files\MiKTeX 2.9\tex/latex/geometry\geometry.cfg"))
(C:\Users\Johannes\AppData\Roaming\MiKTeX\2.9\tex/latex/setspace\setspace.sty
Package: setspace 2011/12/19 v6.7a set line spacing
)
(C:\Users\Johannes\AppData\Roaming\MiKTeX\2.9\tex/latex/koma-script\scrlayer-sc
rpage.sty
Package: scrlayer-scrpage 2020/04/19 v3.30 KOMA-Script package (end user interf
ace for scrlayer)

(C:\Users\Johannes\AppData\Roaming\MiKTeX\2.9\tex/latex/koma-script\scrlayer.st
y
Package: scrlayer 2020/04/19 v3.30 KOMA-Script package (defining layers and pag
e styles)
Package scrlayer Info: Using already defined \footheight
(scrlayer)             hoping, that this is a length and
(scrlayer)             not only a macro on input line 109.
Package scrlayer Info: patching LaTeX kernel macro \pagestyle on input line 210
6.
)
Package scrlayer-scrpage Info: Makeing stand-alone element `pagehead' from
(scrlayer-scrpage)             alias to `pageheadfoot' on input line 1244.
Package scrlayer-scrpage Info: deactivating warning for font element
(scrlayer-scrpage)             `pagefoot' on input line 1271.
)
Package scrlayer-scrpage Info: auto-selection of `pagestyleset=KOMA-Script'.
 ("C:\Program Files\MiKTeX 2.9\tex/latex/amsmath\amsmath.sty"
Package: amsmath 2020/01/20 v2.17e AMS math features
\@mathmargin=\skip64

For additional information on amsmath, use the `?' option.
("C:\Program Files\MiKTeX 2.9\tex/latex/amsmath\amstext.sty"
Package: amstext 2000/06/29 v2.01 AMS text

("C:\Program Files\MiKTeX 2.9\tex/latex/amsmath\amsgen.sty"
File: amsgen.sty 1999/11/30 v2.0 generic functions
\@emptytoks=\toks19
\ex@=\dimen144
))
("C:\Program Files\MiKTeX 2.9\tex/latex/amsmath\amsbsy.sty"
Package: amsbsy 1999/11/29 v1.2d Bold Symbols
\pmbraise@=\dimen145
)
("C:\Program Files\MiKTeX 2.9\tex/latex/amsmath\amsopn.sty"
Package: amsopn 2016/03/08 v2.02 operator names
)
\inf@bad=\count182
LaTeX Info: Redefining \frac on input line 227.
\uproot@=\count183
\leftroot@=\count184
LaTeX Info: Redefining \overline on input line 389.
\classnum@=\count185
\DOTSCASE@=\count186
LaTeX Info: Redefining \ldots on input line 486.
LaTeX Info: Redefining \dots on input line 489.
LaTeX Info: Redefining \cdots on input line 610.
\Mathstrutbox@=\box47
\strutbox@=\box48
\big@size=\dimen146
LaTeX Font Info:    Redeclaring font encoding OML on input line 733.
LaTeX Font Info:    Redeclaring font encoding OMS on input line 734.
\macc@depth=\count187
\c@MaxMatrixCols=\count188
\dotsspace@=\muskip16
\c@parentequation=\count189
\dspbrk@lvl=\count190
\tag@help=\toks20
\row@=\count191
\column@=\count192
\maxfields@=\count193
\andhelp@=\toks21
\eqnshift@=\dimen147
\alignsep@=\dimen148
\tagshift@=\dimen149
\tagwidth@=\dimen150
\totwidth@=\dimen151
\lineht@=\dimen152
\@envbody=\toks22
\multlinegap=\skip65
\multlinetaggap=\skip66
\mathdisplay@stack=\toks23
LaTeX Info: Redefining \[ on input line 2859.
LaTeX Info: Redefining \] on input line 2860.
)
("C:\Program Files\MiKTeX 2.9\tex/latex/amsfonts\amsfonts.sty"
Package: amsfonts 2013/01/14 v3.01 Basic AMSFonts support
\symAMSa=\mathgroup4
\symAMSb=\mathgroup5
LaTeX Font Info:    Redeclaring math symbol \hbar on input line 98.
LaTeX Font Info:    Overwriting math alphabet `\mathfrak' in version `bold'
(Font)                  U/euf/m/n --> U/euf/b/n on input line 106.
)
("C:\Program Files\MiKTeX 2.9\tex/latex/amsfonts\amssymb.sty"
Package: amssymb 2013/01/14 v3.01 AMS font symbols
)
(C:\Users\Johannes\AppData\Roaming\MiKTeX\2.9\tex/latex/natbib\natbib.sty
Package: natbib 2010/09/13 8.31b (PWD, AO)
\bibhang=\skip67
\bibsep=\skip68
LaTeX Info: Redefining \cite on input line 694.
\c@NAT@ctr=\count194
)
(C:\Users\Johannes\AppData\Roaming\MiKTeX\2.9\tex/latex/caption\caption.sty
Package: caption 2020/05/30 v3.4k Customizing captions (AR)

(C:\Users\Johannes\AppData\Roaming\MiKTeX\2.9\tex/latex/caption\caption3.sty
Package: caption3 2020/05/30 v1.12 caption3 kernel (AR)
Package caption3 Info: TeX engine: e-TeX on input line 61.
\captionmargin=\dimen153
\captionmargin@=\dimen154
\captionwidth=\dimen155
\caption@tempdima=\dimen156
\caption@indent=\dimen157
\caption@parindent=\dimen158
\caption@hangindent=\dimen159
Package caption Info: KOMA-Script document class detected.
)
Package caption Info: KOMA-Script document class.
\c@caption@flags=\count195
\c@continuedfloat=\count196
)
(C:\Users\Johannes\AppData\Roaming\MiKTeX\2.9\tex/latex/caption\subcaption.sty
Package: subcaption 2020/01/22 v1.3d Sub-captions (AR)
\c@subfigure=\count197
\c@subtable=\count198
) ("C:\Program Files\MiKTeX 2.9\tex/latex/graphics\graphicx.sty"
Package: graphicx 2019/11/30 v1.2a Enhanced LaTeX Graphics (DPC,SPQR)

("C:\Program Files\MiKTeX 2.9\tex/latex/graphics\graphics.sty"
Package: graphics 2019/11/30 v1.4a Standard LaTeX Graphics (DPC,SPQR)

("C:\Program Files\MiKTeX 2.9\tex/latex/graphics\trig.sty"
Package: trig 2016/01/03 v1.10 sin cos tan (DPC)
)
("C:\Program Files\MiKTeX 2.9\tex/latex/graphics-cfg\graphics.cfg"
File: graphics.cfg 2016/06/04 v1.11 sample graphics configuration
)
Package graphics Info: Driver file: pdftex.def on input line 105.

("C:\Program Files\MiKTeX 2.9\tex/latex/graphics-def\pdftex.def"
File: pdftex.def 2018/01/08 v1.0l Graphics/color driver for pdftex
))
\Gin@req@height=\dimen160
\Gin@req@width=\dimen161
)
("C:\Program Files\MiKTeX 2.9\tex/latex/float\float.sty"
Package: float 2001/11/08 v1.3d Float enhancements (AL)
\c@float@type=\count199
\float@exts=\toks24
\float@box=\box49
\@float@everytoks=\toks25
\@floatcapt=\box50
)
("C:\Program Files\MiKTeX 2.9\tex/latex/tools\enumerate.sty"
Package: enumerate 2015/07/23 v3.00 enumerate extensions (DPC)
\@enLab=\toks26
)
("C:\Program Files\MiKTeX 2.9\tex/latex/hyperref\nameref.sty"
Package: nameref 2019/09/16 v2.46 Cross-referencing by name of section

(C:\Users\Johannes\AppData\Roaming\MiKTeX\2.9\tex/latex/refcount\refcount.sty
Package: refcount 2019/12/15 v3.6 Data extraction from label references (HO)

(C:\Users\Johannes\AppData\Roaming\MiKTeX\2.9\tex/generic/ltxcmds\ltxcmds.sty
Package: ltxcmds 2019/12/15 v1.24 LaTeX kernel commands for general use (HO)
)
(C:\Users\Johannes\AppData\Roaming\MiKTeX\2.9\tex/generic/infwarerr\infwarerr.s
ty
Package: infwarerr 2019/12/03 v1.5 Providing info/warning/error messages (HO)
))
(C:\Users\Johannes\AppData\Roaming\MiKTeX\2.9\tex/generic/gettitlestring\gettit
lestring.sty
Package: gettitlestring 2019/12/15 v1.6 Cleanup title references (HO)

(C:\Users\Johannes\AppData\Roaming\MiKTeX\2.9\tex/latex/kvoptions\kvoptions.sty
Package: kvoptions 2019/11/29 v3.13 Key value format for package options (HO)

(C:\Users\Johannes\AppData\Roaming\MiKTeX\2.9\tex/generic/kvsetkeys\kvsetkeys.s
ty
Package: kvsetkeys 2019/12/15 v1.18 Key value parser (HO)
)))
\c@section@level=\count266
LaTeX Info: Redefining \ref on input line 356.
LaTeX Info: Redefining \pageref on input line 356.
)
(C:\Users\Johannes\AppData\Roaming\MiKTeX\2.9\tex/latex/todonotes\todonotes.sty
Package: todonotes 2019/01/24 v1.1.2 Todonotes source and documentation.
Package: todonotes 2018/11/22
("C:\Program Files\MiKTeX 2.9\tex/latex/base\ifthen.sty"
Package: ifthen 2014/09/29 v1.1c Standard LaTeX ifthen package (DPC)
)
("C:\Program Files\MiKTeX 2.9\tex/latex/xkeyval\xkeyval.sty"
Package: xkeyval 2014/12/03 v2.7a package option processing (HA)

("C:\Program Files\MiKTeX 2.9\tex/generic/xkeyval\xkeyval.tex"
("C:\Program Files\MiKTeX 2.9\tex/generic/xkeyval\xkvutils.tex"
\XKV@toks=\toks27
\XKV@tempa@toks=\toks28
)
\XKV@depth=\count267
File: xkeyval.tex 2014/12/03 v2.7a key=value parser (HA)
))
(C:\Users\Johannes\AppData\Roaming\MiKTeX\2.9\tex/latex/xcolor\xcolor.sty
Package: xcolor 2016/05/11 v2.12 LaTeX color extensions (UK)

("C:\Program Files\MiKTeX 2.9\tex/latex/graphics-cfg\color.cfg"
File: color.cfg 2016/01/02 v1.6 sample color configuration
)
Package xcolor Info: Driver file: pdftex.def on input line 225.
Package xcolor Info: Model `cmy' substituted by `cmy0' on input line 1348.
Package xcolor Info: Model `hsb' substituted by `rgb' on input line 1352.
Package xcolor Info: Model `RGB' extended on input line 1364.
Package xcolor Info: Model `HTML' substituted by `rgb' on input line 1366.
Package xcolor Info: Model `Hsb' substituted by `hsb' on input line 1367.
Package xcolor Info: Model `tHsb' substituted by `hsb' on input line 1368.
Package xcolor Info: Model `HSB' substituted by `hsb' on input line 1369.
Package xcolor Info: Model `Gray' substituted by `gray' on input line 1370.
Package xcolor Info: Model `wave' substituted by `hsb' on input line 1371.
)
(C:\Users\Johannes\AppData\Roaming\MiKTeX\2.9\tex/latex/pgf/frontendlayer\tikz.
sty
(C:\Users\Johannes\AppData\Roaming\MiKTeX\2.9\tex/latex/pgf/basiclayer\pgf.sty
(C:\Users\Johannes\AppData\Roaming\MiKTeX\2.9\tex/latex/pgf/utilities\pgfrcs.st
y
(C:\Users\Johannes\AppData\Roaming\MiKTeX\2.9\tex/generic/pgf/utilities\pgfutil
-common.tex
\pgfutil@everybye=\toks29
\pgfutil@tempdima=\dimen162
\pgfutil@tempdimb=\dimen163

(C:\Users\Johannes\AppData\Roaming\MiKTeX\2.9\tex/generic/pgf/utilities\pgfutil
-common-lists.tex))
(C:\Users\Johannes\AppData\Roaming\MiKTeX\2.9\tex/generic/pgf/utilities\pgfutil
-latex.def
\pgfutil@abb=\box51

(C:\Users\Johannes\AppData\Roaming\MiKTeX\2.9\tex/latex/ms\everyshi.sty
Package: everyshi 2001/05/15 v3.00 EveryShipout Package (MS)
))
(C:\Users\Johannes\AppData\Roaming\MiKTeX\2.9\tex/generic/pgf/utilities\pgfrcs.
code.tex
(C:\Users\Johannes\AppData\Roaming\MiKTeX\2.9\tex/generic/pgf\pgf.revision.tex)
Package: pgfrcs 2020/01/08 v3.1.5b (3.1.5b)
))
Package: pgf 2020/01/08 v3.1.5b (3.1.5b)

(C:\Users\Johannes\AppData\Roaming\MiKTeX\2.9\tex/latex/pgf/basiclayer\pgfcore.
sty
(C:\Users\Johannes\AppData\Roaming\MiKTeX\2.9\tex/latex/pgf/systemlayer\pgfsys.
sty
(C:\Users\Johannes\AppData\Roaming\MiKTeX\2.9\tex/generic/pgf/systemlayer\pgfsy
s.code.tex
Package: pgfsys 2020/01/08 v3.1.5b (3.1.5b)

(C:\Users\Johannes\AppData\Roaming\MiKTeX\2.9\tex/generic/pgf/utilities\pgfkeys
.code.tex
\pgfkeys@pathtoks=\toks30
\pgfkeys@temptoks=\toks31

(C:\Users\Johannes\AppData\Roaming\MiKTeX\2.9\tex/generic/pgf/utilities\pgfkeys
filtered.code.tex
\pgfkeys@tmptoks=\toks32
))
\pgf@x=\dimen164
\pgf@y=\dimen165
\pgf@xa=\dimen166
\pgf@ya=\dimen167
\pgf@xb=\dimen168
\pgf@yb=\dimen169
\pgf@xc=\dimen170
\pgf@yc=\dimen171
\pgf@xd=\dimen172
\pgf@yd=\dimen173
\w@pgf@writea=\write3
\r@pgf@reada=\read3
\c@pgf@counta=\count268
\c@pgf@countb=\count269
\c@pgf@countc=\count270
\c@pgf@countd=\count271
\t@pgf@toka=\toks33
\t@pgf@tokb=\toks34
\t@pgf@tokc=\toks35
\pgf@sys@id@count=\count272

(C:\Users\Johannes\AppData\Roaming\MiKTeX\2.9\tex/generic/pgf/systemlayer\pgf.c
fg
File: pgf.cfg 2020/01/08 v3.1.5b (3.1.5b)
)
Driver file for pgf: pgfsys-pdftex.def

(C:\Users\Johannes\AppData\Roaming\MiKTeX\2.9\tex/generic/pgf/systemlayer\pgfsy
s-pdftex.def
File: pgfsys-pdftex.def 2020/01/08 v3.1.5b (3.1.5b)

(C:\Users\Johannes\AppData\Roaming\MiKTeX\2.9\tex/generic/pgf/systemlayer\pgfsy
s-common-pdf.def
File: pgfsys-common-pdf.def 2020/01/08 v3.1.5b (3.1.5b)
)))
(C:\Users\Johannes\AppData\Roaming\MiKTeX\2.9\tex/generic/pgf/systemlayer\pgfsy
ssoftpath.code.tex
File: pgfsyssoftpath.code.tex 2020/01/08 v3.1.5b (3.1.5b)
\pgfsyssoftpath@smallbuffer@items=\count273
\pgfsyssoftpath@bigbuffer@items=\count274
)
(C:\Users\Johannes\AppData\Roaming\MiKTeX\2.9\tex/generic/pgf/systemlayer\pgfsy
sprotocol.code.tex
File: pgfsysprotocol.code.tex 2020/01/08 v3.1.5b (3.1.5b)
))
(C:\Users\Johannes\AppData\Roaming\MiKTeX\2.9\tex/generic/pgf/basiclayer\pgfcor
e.code.tex
Package: pgfcore 2020/01/08 v3.1.5b (3.1.5b)

(C:\Users\Johannes\AppData\Roaming\MiKTeX\2.9\tex/generic/pgf/math\pgfmath.code
.tex
(C:\Users\Johannes\AppData\Roaming\MiKTeX\2.9\tex/generic/pgf/math\pgfmathcalc.
code.tex
(C:\Users\Johannes\AppData\Roaming\MiKTeX\2.9\tex/generic/pgf/math\pgfmathutil.
code.tex)
(C:\Users\Johannes\AppData\Roaming\MiKTeX\2.9\tex/generic/pgf/math\pgfmathparse
r.code.tex
\pgfmath@dimen=\dimen174
\pgfmath@count=\count275
\pgfmath@box=\box52
\pgfmath@toks=\toks36
\pgfmath@stack@operand=\toks37
\pgfmath@stack@operation=\toks38
)
(C:\Users\Johannes\AppData\Roaming\MiKTeX\2.9\tex/generic/pgf/math\pgfmathfunct
ions.code.tex
(C:\Users\Johannes\AppData\Roaming\MiKTeX\2.9\tex/generic/pgf/math\pgfmathfunct
ions.basic.code.tex)
(C:\Users\Johannes\AppData\Roaming\MiKTeX\2.9\tex/generic/pgf/math\pgfmathfunct
ions.trigonometric.code.tex)
(C:\Users\Johannes\AppData\Roaming\MiKTeX\2.9\tex/generic/pgf/math\pgfmathfunct
ions.random.code.tex)
(C:\Users\Johannes\AppData\Roaming\MiKTeX\2.9\tex/generic/pgf/math\pgfmathfunct
ions.comparison.code.tex)
(C:\Users\Johannes\AppData\Roaming\MiKTeX\2.9\tex/generic/pgf/math\pgfmathfunct
ions.base.code.tex)
(C:\Users\Johannes\AppData\Roaming\MiKTeX\2.9\tex/generic/pgf/math\pgfmathfunct
ions.round.code.tex)
(C:\Users\Johannes\AppData\Roaming\MiKTeX\2.9\tex/generic/pgf/math\pgfmathfunct
ions.misc.code.tex)
(C:\Users\Johannes\AppData\Roaming\MiKTeX\2.9\tex/generic/pgf/math\pgfmathfunct
ions.integerarithmetics.code.tex)))
(C:\Users\Johannes\AppData\Roaming\MiKTeX\2.9\tex/generic/pgf/math\pgfmathfloat
.code.tex
\c@pgfmathroundto@lastzeros=\count276
))
(C:\Users\Johannes\AppData\Roaming\MiKTeX\2.9\tex/generic/pgf/math\pgfint.code.
tex)
(C:\Users\Johannes\AppData\Roaming\MiKTeX\2.9\tex/generic/pgf/basiclayer\pgfcor
epoints.code.tex
File: pgfcorepoints.code.tex 2020/01/08 v3.1.5b (3.1.5b)
\pgf@picminx=\dimen175
\pgf@picmaxx=\dimen176
\pgf@picminy=\dimen177
\pgf@picmaxy=\dimen178
\pgf@pathminx=\dimen179
\pgf@pathmaxx=\dimen180
\pgf@pathminy=\dimen181
\pgf@pathmaxy=\dimen182
\pgf@xx=\dimen183
\pgf@xy=\dimen184
\pgf@yx=\dimen185
\pgf@yy=\dimen186
\pgf@zx=\dimen187
\pgf@zy=\dimen188
)
(C:\Users\Johannes\AppData\Roaming\MiKTeX\2.9\tex/generic/pgf/basiclayer\pgfcor
epathconstruct.code.tex
File: pgfcorepathconstruct.code.tex 2020/01/08 v3.1.5b (3.1.5b)
\pgf@path@lastx=\dimen189
\pgf@path@lasty=\dimen190
)
(C:\Users\Johannes\AppData\Roaming\MiKTeX\2.9\tex/generic/pgf/basiclayer\pgfcor
epathusage.code.tex
File: pgfcorepathusage.code.tex 2020/01/08 v3.1.5b (3.1.5b)
\pgf@shorten@end@additional=\dimen191
\pgf@shorten@start@additional=\dimen192
)
(C:\Users\Johannes\AppData\Roaming\MiKTeX\2.9\tex/generic/pgf/basiclayer\pgfcor
escopes.code.tex
File: pgfcorescopes.code.tex 2020/01/08 v3.1.5b (3.1.5b)
\pgfpic=\box53
\pgf@hbox=\box54
\pgf@layerbox@main=\box55
\pgf@picture@serial@count=\count277
)
(C:\Users\Johannes\AppData\Roaming\MiKTeX\2.9\tex/generic/pgf/basiclayer\pgfcor
egraphicstate.code.tex
File: pgfcoregraphicstate.code.tex 2020/01/08 v3.1.5b (3.1.5b)
\pgflinewidth=\dimen193
)
(C:\Users\Johannes\AppData\Roaming\MiKTeX\2.9\tex/generic/pgf/basiclayer\pgfcor
etransformations.code.tex
File: pgfcoretransformations.code.tex 2020/01/08 v3.1.5b (3.1.5b)
\pgf@pt@x=\dimen194
\pgf@pt@y=\dimen195
\pgf@pt@temp=\dimen196
)
(C:\Users\Johannes\AppData\Roaming\MiKTeX\2.9\tex/generic/pgf/basiclayer\pgfcor
equick.code.tex
File: pgfcorequick.code.tex 2020/01/08 v3.1.5b (3.1.5b)
)
(C:\Users\Johannes\AppData\Roaming\MiKTeX\2.9\tex/generic/pgf/basiclayer\pgfcor
eobjects.code.tex
File: pgfcoreobjects.code.tex 2020/01/08 v3.1.5b (3.1.5b)
)
(C:\Users\Johannes\AppData\Roaming\MiKTeX\2.9\tex/generic/pgf/basiclayer\pgfcor
epathprocessing.code.tex
File: pgfcorepathprocessing.code.tex 2020/01/08 v3.1.5b (3.1.5b)
)
(C:\Users\Johannes\AppData\Roaming\MiKTeX\2.9\tex/generic/pgf/basiclayer\pgfcor
earrows.code.tex
File: pgfcorearrows.code.tex 2020/01/08 v3.1.5b (3.1.5b)
\pgfarrowsep=\dimen197
)
(C:\Users\Johannes\AppData\Roaming\MiKTeX\2.9\tex/generic/pgf/basiclayer\pgfcor
eshade.code.tex
File: pgfcoreshade.code.tex 2020/01/08 v3.1.5b (3.1.5b)
\pgf@max=\dimen198
\pgf@sys@shading@range@num=\count278
\pgf@shadingcount=\count279
)
(C:\Users\Johannes\AppData\Roaming\MiKTeX\2.9\tex/generic/pgf/basiclayer\pgfcor
eimage.code.tex
File: pgfcoreimage.code.tex 2020/01/08 v3.1.5b (3.1.5b)

(C:\Users\Johannes\AppData\Roaming\MiKTeX\2.9\tex/generic/pgf/basiclayer\pgfcor
eexternal.code.tex
File: pgfcoreexternal.code.tex 2020/01/08 v3.1.5b (3.1.5b)
\pgfexternal@startupbox=\box56
))
(C:\Users\Johannes\AppData\Roaming\MiKTeX\2.9\tex/generic/pgf/basiclayer\pgfcor
elayers.code.tex
File: pgfcorelayers.code.tex 2020/01/08 v3.1.5b (3.1.5b)
)
(C:\Users\Johannes\AppData\Roaming\MiKTeX\2.9\tex/generic/pgf/basiclayer\pgfcor
etransparency.code.tex
File: pgfcoretransparency.code.tex 2020/01/08 v3.1.5b (3.1.5b)
)
(C:\Users\Johannes\AppData\Roaming\MiKTeX\2.9\tex/generic/pgf/basiclayer\pgfcor
epatterns.code.tex
File: pgfcorepatterns.code.tex 2020/01/08 v3.1.5b (3.1.5b)
)
(C:\Users\Johannes\AppData\Roaming\MiKTeX\2.9\tex/generic/pgf/basiclayer\pgfcor
erdf.code.tex
File: pgfcorerdf.code.tex 2020/01/08 v3.1.5b (3.1.5b)
)))
(C:\Users\Johannes\AppData\Roaming\MiKTeX\2.9\tex/generic/pgf/modules\pgfmodule
shapes.code.tex
File: pgfmoduleshapes.code.tex 2020/01/08 v3.1.5b (3.1.5b)
\pgfnodeparttextbox=\box57
)
(C:\Users\Johannes\AppData\Roaming\MiKTeX\2.9\tex/generic/pgf/modules\pgfmodule
plot.code.tex
File: pgfmoduleplot.code.tex 2020/01/08 v3.1.5b (3.1.5b)
)
(C:\Users\Johannes\AppData\Roaming\MiKTeX\2.9\tex/latex/pgf/compatibility\pgfco
mp-version-0-65.sty
Package: pgfcomp-version-0-65 2020/01/08 v3.1.5b (3.1.5b)
\pgf@nodesepstart=\dimen199
\pgf@nodesepend=\dimen256
)
(C:\Users\Johannes\AppData\Roaming\MiKTeX\2.9\tex/latex/pgf/compatibility\pgfco
mp-version-1-18.sty
Package: pgfcomp-version-1-18 2020/01/08 v3.1.5b (3.1.5b)
))
(C:\Users\Johannes\AppData\Roaming\MiKTeX\2.9\tex/latex/pgf/utilities\pgffor.st
y
(C:\Users\Johannes\AppData\Roaming\MiKTeX\2.9\tex/latex/pgf/utilities\pgfkeys.s
ty
(C:\Users\Johannes\AppData\Roaming\MiKTeX\2.9\tex/generic/pgf/utilities\pgfkeys
.code.tex))
(C:\Users\Johannes\AppData\Roaming\MiKTeX\2.9\tex/latex/pgf/math\pgfmath.sty
(C:\Users\Johannes\AppData\Roaming\MiKTeX\2.9\tex/generic/pgf/math\pgfmath.code
.tex))
(C:\Users\Johannes\AppData\Roaming\MiKTeX\2.9\tex/generic/pgf/utilities\pgffor.
code.tex
Package: pgffor 2020/01/08 v3.1.5b (3.1.5b)

(C:\Users\Johannes\AppData\Roaming\MiKTeX\2.9\tex/generic/pgf/math\pgfmath.code
.tex)
\pgffor@iter=\dimen257
\pgffor@skip=\dimen258
\pgffor@stack=\toks39
\pgffor@toks=\toks40
))
(C:\Users\Johannes\AppData\Roaming\MiKTeX\2.9\tex/generic/pgf/frontendlayer/tik
z\tikz.code.tex
Package: tikz 2020/01/08 v3.1.5b (3.1.5b)

(C:\Users\Johannes\AppData\Roaming\MiKTeX\2.9\tex/generic/pgf/libraries\pgflibr
aryplothandlers.code.tex
File: pgflibraryplothandlers.code.tex 2020/01/08 v3.1.5b (3.1.5b)
\pgf@plot@mark@count=\count280
\pgfplotmarksize=\dimen259
)
\tikz@lastx=\dimen260
\tikz@lasty=\dimen261
\tikz@lastxsaved=\dimen262
\tikz@lastysaved=\dimen263
\tikz@lastmovetox=\dimen264
\tikz@lastmovetoy=\dimen265
\tikzleveldistance=\dimen266
\tikzsiblingdistance=\dimen267
\tikz@figbox=\box58
\tikz@figbox@bg=\box59
\tikz@tempbox=\box60
\tikz@tempbox@bg=\box61
\tikztreelevel=\count281
\tikznumberofchildren=\count282
\tikznumberofcurrentchild=\count283
\tikz@fig@count=\count284

(C:\Users\Johannes\AppData\Roaming\MiKTeX\2.9\tex/generic/pgf/modules\pgfmodule
matrix.code.tex
File: pgfmodulematrix.code.tex 2020/01/08 v3.1.5b (3.1.5b)
\pgfmatrixcurrentrow=\count285
\pgfmatrixcurrentcolumn=\count286
\pgf@matrix@numberofcolumns=\count287
)
\tikz@expandcount=\count288

(C:\Users\Johannes\AppData\Roaming\MiKTeX\2.9\tex/generic/pgf/frontendlayer/tik
z/libraries\tikzlibrarytopaths.code.tex
File: tikzlibrarytopaths.code.tex 2020/01/08 v3.1.5b (3.1.5b)
)))
(C:\Users\Johannes\AppData\Roaming\MiKTeX\2.9\tex/generic/pgf/frontendlayer/tik
z/libraries\tikzlibrarypositioning.code.tex
File: tikzlibrarypositioning.code.tex 2020/01/08 v3.1.5b (3.1.5b)
)
(C:\Users\Johannes\AppData\Roaming\MiKTeX\2.9\tex/generic/pgf/frontendlayer/tik
z/libraries\tikzlibraryshadows.code.tex
File: tikzlibraryshadows.code.tex 2020/01/08 v3.1.5b (3.1.5b)

(C:\Users\Johannes\AppData\Roaming\MiKTeX\2.9\tex/generic/pgf/frontendlayer/tik
z/libraries\tikzlibraryfadings.code.tex
File: tikzlibraryfadings.code.tex 2020/01/08 v3.1.5b (3.1.5b)

(C:\Users\Johannes\AppData\Roaming\MiKTeX\2.9\tex/generic/pgf/libraries\pgflibr
aryfadings.code.tex
File: pgflibraryfadings.code.tex 2020/01/08 v3.1.5b (3.1.5b)
))) ("C:\Program Files\MiKTeX 2.9\tex/latex/tools\calc.sty"
Package: calc 2017/05/25 v4.3 Infix arithmetic (KKT,FJ)
\calc@Acount=\count289
\calc@Bcount=\count290
\calc@Adimen=\dimen268
\calc@Bdimen=\dimen269
\calc@Askip=\skip69
\calc@Bskip=\skip70
LaTeX Info: Redefining \setlength on input line 80.
LaTeX Info: Redefining \addtolength on input line 81.
\calc@Ccount=\count291
\calc@Cskip=\skip71
)
\c@@todonotes@numberoftodonotes=\count292
) ("C:\Program Files\MiKTeX 2.9\tex/latex/hyperref\hyperref.sty"
Package: hyperref 2020-05-15 v7.00e Hypertext links for LaTeX

(C:\Users\Johannes\AppData\Roaming\MiKTeX\2.9\tex/generic/pdftexcmds\pdftexcmds
.sty
Package: pdftexcmds 2020-06-27 v0.33 Utility functions of pdfTeX for LuaTeX (HO
)
Package pdftexcmds Info: \pdf@primitive is available.
Package pdftexcmds Info: \pdf@ifprimitive is available.
Package pdftexcmds Info: \pdfdraftmode found.
)
(C:\Users\Johannes\AppData\Roaming\MiKTeX\2.9\tex/generic/kvdefinekeys\kvdefine
keys.sty
Package: kvdefinekeys 2019-12-19 v1.6 Define keys (HO)
)
(C:\Users\Johannes\AppData\Roaming\MiKTeX\2.9\tex/generic/pdfescape\pdfescape.s
ty
Package: pdfescape 2019/12/09 v1.15 Implements pdfTeX's escape features (HO)
) (C:\Users\Johannes\AppData\Roaming\MiKTeX\2.9\tex/latex/hycolor\hycolor.sty
Package: hycolor 2020-01-27 v1.10 Color options for hyperref/bookmark (HO)
)
(C:\Users\Johannes\AppData\Roaming\MiKTeX\2.9\tex/latex/letltxmacro\letltxmacro
.sty
Package: letltxmacro 2019/12/03 v1.6 Let assignment for LaTeX macros (HO)
)
(C:\Users\Johannes\AppData\Roaming\MiKTeX\2.9\tex/latex/auxhook\auxhook.sty
Package: auxhook 2019-12-17 v1.6 Hooks for auxiliary files (HO)
)
\@linkdim=\dimen270
\Hy@linkcounter=\count293
\Hy@pagecounter=\count294

("C:\Program Files\MiKTeX 2.9\tex/latex/hyperref\pd1enc.def"
File: pd1enc.def 2020-05-15 v7.00e Hyperref: PDFDocEncoding definition (HO)
Now handling font encoding PD1 ...
... no UTF-8 mapping file for font encoding PD1
)
(C:\Users\Johannes\AppData\Roaming\MiKTeX\2.9\tex/generic/intcalc\intcalc.sty
Package: intcalc 2019/12/15 v1.3 Expandable calculations with integers (HO)
)
(C:\Users\Johannes\AppData\Roaming\MiKTeX\2.9\tex/generic/etexcmds\etexcmds.sty
Package: etexcmds 2019/12/15 v1.7 Avoid name clashes with e-TeX commands (HO)
)
\Hy@SavedSpaceFactor=\count295
Package hyperref Info: Hyper figures OFF on input line 4464.
Package hyperref Info: Link nesting OFF on input line 4469.
Package hyperref Info: Hyper index ON on input line 4472.
Package hyperref Info: Plain pages OFF on input line 4479.
Package hyperref Info: Backreferencing OFF on input line 4484.
Package hyperref Info: Implicit mode ON; LaTeX internals redefined.
Package hyperref Info: Bookmarks ON on input line 4717.
\c@Hy@tempcnt=\count296
 (C:\Users\Johannes\AppData\Roaming\MiKTeX\2.9\tex/latex/url\url.sty
\Urlmuskip=\muskip17
Package: url 2013/09/16  ver 3.4  Verb mode for urls, etc.
)
LaTeX Info: Redefining \url on input line 5076.
\XeTeXLinkMargin=\dimen271

(C:\Users\Johannes\AppData\Roaming\MiKTeX\2.9\tex/generic/bitset\bitset.sty
Package: bitset 2019/12/09 v1.3 Handle bit-vector datatype (HO)

(C:\Users\Johannes\AppData\Roaming\MiKTeX\2.9\tex/generic/bigintcalc\bigintcalc
.sty
Package: bigintcalc 2019/12/15 v1.5 Expandable calculations on big integers (HO
)
))
\Fld@menulength=\count297
\Field@Width=\dimen272
\Fld@charsize=\dimen273
Package hyperref Info: Hyper figures OFF on input line 6347.
Package hyperref Info: Link nesting OFF on input line 6352.
Package hyperref Info: Hyper index ON on input line 6355.
Package hyperref Info: backreferencing OFF on input line 6362.
Package hyperref Info: Link coloring OFF on input line 6367.
Package hyperref Info: Link coloring with OCG OFF on input line 6372.
Package hyperref Info: PDF/A mode OFF on input line 6377.
LaTeX Info: Redefining \ref on input line 6417.
LaTeX Info: Redefining \pageref on input line 6421.

(C:\Users\Johannes\AppData\Roaming\MiKTeX\2.9\tex/generic/atbegshi\atbegshi.sty
Package: atbegshi 2019/12/05 v1.19 At begin shipout hook (HO)
)
\Hy@abspage=\count298
\c@Item=\count299
\c@Hfootnote=\count300
)
Package hyperref Info: Driver (autodetected): hpdftex.
 ("C:\Program Files\MiKTeX 2.9\tex/latex/hyperref\hpdftex.def"
File: hpdftex.def 2020-05-15 v7.00e Hyperref driver for pdfTeX

(C:\Users\Johannes\AppData\Roaming\MiKTeX\2.9\tex/latex/atveryend\atveryend.sty
Package: atveryend 2019-12-11 v1.11 Hooks at the very end of document (HO)
Package atveryend Info: \enddocument detected (standard20110627).
)
\Fld@listcount=\count301
\c@bookmark@seq@number=\count302

(C:\Users\Johannes\AppData\Roaming\MiKTeX\2.9\tex/latex/rerunfilecheck\rerunfil
echeck.sty
Package: rerunfilecheck 2019/12/05 v1.9 Rerun checks for auxiliary files (HO)

(C:\Users\Johannes\AppData\Roaming\MiKTeX\2.9\tex/generic/uniquecounter\uniquec
ounter.sty
Package: uniquecounter 2019/12/15 v1.4 Provide unlimited unique counter (HO)
)
Package uniquecounter Info: New unique counter `rerunfilecheck' on input line 2
86.
)
\Hy@SectionHShift=\skip72
)
(C:\Users\Johannes\AppData\Roaming\MiKTeX\2.9\tex/latex/l3backend\l3backend-pdf
mode.def
File: l3backend-pdfmode.def 2020-06-29 L3 backend support: PDF mode
\l__kernel_color_stack_int=\count303
\l__pdf_internal_box=\box62
) (main.aux)
\openout1 = `main.aux'.

LaTeX Font Info:    Checking defaults for OML/cmm/m/it on input line 119.
LaTeX Font Info:    ... okay on input line 119.
LaTeX Font Info:    Checking defaults for OMS/cmsy/m/n on input line 119.
LaTeX Font Info:    ... okay on input line 119.
LaTeX Font Info:    Checking defaults for OT1/cmr/m/n on input line 119.
LaTeX Font Info:    ... okay on input line 119.
LaTeX Font Info:    Checking defaults for T1/cmr/m/n on input line 119.
LaTeX Font Info:    ... okay on input line 119.
LaTeX Font Info:    Checking defaults for TS1/cmr/m/n on input line 119.
LaTeX Font Info:    ... okay on input line 119.
LaTeX Font Info:    Checking defaults for OMX/cmex/m/n on input line 119.
LaTeX Font Info:    ... okay on input line 119.
LaTeX Font Info:    Checking defaults for U/cmr/m/n on input line 119.
LaTeX Font Info:    ... okay on input line 119.
LaTeX Font Info:    Checking defaults for PD1/pdf/m/n on input line 119.
LaTeX Font Info:    ... okay on input line 119.

*geometry* driver: auto-detecting
*geometry* detected driver: pdftex
*geometry* verbose mode - [ preamble ] result:
* driver: pdftex
* paper: a4paper
* layout: <same size as paper>
* layoutoffset:(h,v)=(0.0pt,0.0pt)
* modes: 
* h-part:(L,W,R)=(85.35826pt, 426.79135pt, 85.35826pt)
* v-part:(T,H,B)=(71.13188pt, 702.78308pt, 71.13188pt)
* \paperwidth=597.50787pt
* \paperheight=845.04684pt
* \textwidth=426.79135pt
* \textheight=702.78308pt
* \oddsidemargin=13.08827pt
* \evensidemargin=13.08827pt
* \topmargin=-41.0131pt
* \headheight=18.125pt
* \headsep=21.75pt
* \topskip=12.0pt
* \footskip=50.75pt
* \marginparwidth=49.79233pt
* \marginparsep=12.8401pt
* \columnsep=10.0pt
* \skip\footins=10.8pt plus 4.0pt minus 2.0pt
* \hoffset=0.0pt
* \voffset=0.0pt
* \mag=1000
* \@twocolumnfalse
* \@twosidefalse
* \@mparswitchfalse
* \@reversemarginfalse
* (1in=72.27pt=25.4mm, 1cm=28.453pt)

Package caption Info: Begin \AtBeginDocument code.
Package caption Info: float package is loaded.
Package caption Info: hyperref package is loaded.
Package caption Info: End \AtBeginDocument code.

(C:\Users\Johannes\AppData\Roaming\MiKTeX\2.9\tex/context/base/mkii\supp-pdf.mk
ii
[Loading MPS to PDF converter (version 2006.09.02).]
\scratchcounter=\count304
\scratchdimen=\dimen274
\scratchbox=\box63
\nofMPsegments=\count305
\nofMParguments=\count306
\everyMPshowfont=\toks41
\MPscratchCnt=\count307
\MPscratchDim=\dimen275
\MPnumerator=\count308
\makeMPintoPDFobject=\count309
\everyMPtoPDFconversion=\toks42
)
(C:\Users\Johannes\AppData\Roaming\MiKTeX\2.9\tex/latex/epstopdf-pkg\epstopdf-b
ase.sty
Package: epstopdf-base 2020-01-24 v2.11 Base part for package epstopdf
Package epstopdf-base Info: Redefining graphics rule for `.eps' on input line 4
85.
) ABD: EveryShipout initializing macros

Package todonotes Warning: The length marginparwidth is less than 2cm and will 
most likely cause issues with the appearance of inserted todonotes. The issue c
an be solved by adding a line like \setlength {\marginparwidth }{2cm} prior to 
loading the todonotes package. on input line 119.

\AtBeginShipoutBox=\box64
Package hyperref Info: Link coloring OFF on input line 119.
LaTeX Info: Redefining \ref on input line 119.
LaTeX Info: Redefining \pageref on input line 119.
LaTeX Info: Redefining \nameref on input line 119.
(main.out) (main.out)
\@outlinefile=\write4
\openout4 = `main.out'.

Class scrbook Info: loading recommended package `bookmark'.
(scrbook)           Using `bookmark' together with `hyperref' is recommended,
(scrbook)           because of handling of possible bookmark level gaps.
(scrbook)           You can avoid loading `bookmark' with KOMA-Script option
(scrbook)           `bookmarkpackage=false' before \begin{document} and
(scrbook)           you can avoid this message adding:
(scrbook)             \usepackage{bookmark}
(scrbook)           before \begin{document} on input line 119.

(C:\Users\Johannes\AppData\Roaming\MiKTeX\2.9\tex/latex/bookmark\bookmark.sty
Package: bookmark 2019/12/03 v1.28 PDF bookmarks (HO)

(C:\Users\Johannes\AppData\Roaming\MiKTeX\2.9\tex/latex/bookmark\bkm-pdftex.def
File: bkm-pdftex.def 2019/12/03 v1.28 bookmark driver for pdfTeX (HO)
Package auxhook Info: \AddLineBeginMainAux comes a little late,
(auxhook)             because the main .aux file is already opened on input lin
e 168.
\BKM@id=\count310
))
<Abbildungen/uni_ol_logo.png, id=30, 72.27pt x 43.24155pt>
File: Abbildungen/uni_ol_logo.png Graphic file (type png)
<use Abbildungen/uni_ol_logo.png>
Package pdftex.def Info: Abbildungen/uni_ol_logo.png  used on input line 132.
(pdftex.def)             Requested size: 130.08586pt x 77.83469pt.
LaTeX Font Info:    Trying to load font information for U+msa on input line 133
.
 ("C:\Program Files\MiKTeX 2.9\tex/latex/amsfonts\umsa.fd"
File: umsa.fd 2013/01/14 v3.01 AMS symbols A
)
LaTeX Font Info:    Trying to load font information for U+msb on input line 133
.

("C:\Program Files\MiKTeX 2.9\tex/latex/amsfonts\umsb.fd"
File: umsb.fd 2013/01/14 v3.01 AMS symbols B
)
<Abbildungen/abteilungslogo.jpg, id=31, 313.57831pt x 265.80661pt>
File: Abbildungen/abteilungslogo.jpg Graphic file (type jpg)
<use Abbildungen/abteilungslogo.jpg>
Package pdftex.def Info: Abbildungen/abteilungslogo.jpg  used on input line 136
.
(pdftex.def)             Requested size: 109.75404pt x 93.03369pt.
 [1




{C:/Users/Johannes/AppData/Local/MiKTeX/2.9/pdftex/config/pdftex.map} <./Abbild
ungen/uni_ol_logo.png> <./Abbildungen/abteilungslogo.jpg>] (main.toc [2


] [3])
\tf@toc=\write5
\openout5 = `main.toc'.

 [4] (main.lof)
\tf@lof=\write6
\openout6 = `main.lof'.


[5


] (main.lot)
\tf@lot=\write7
\openout7 = `main.lot'.

 (Sonstiges/Abkuerzungen.tex [6


]
chapter without number

Class scrbook Warning: \float@addtolists detected!
(scrbook)              Implementation of \float@addtolist became
(scrbook)              deprecated in KOMA-Script v3.01 2008/11/14 and
(scrbook)              has been replaced by several more flexible
(scrbook)              features of package `tocbasic`.
(scrbook)              Since Version 3.12 support for deprecated
(scrbook)              \float@addtolist interface has been
(scrbook)              restricted to only some of the KOMA-Script
(scrbook)              features and been removed from others.
(scrbook)              Loading of package `scrhack' may help to
(scrbook)              avoid this warning, if you are using a
(scrbook)              a package that still implements the
(scrbook)              deprecated \float@addtolist interface.

) [7


] (Kapitel/Einleitung.tex
chapter 1.

Underfull \hbox (badness 10000) in paragraph at lines 5--15

 []

[1



]
Package hyperref Info: bookmark level for unknown todo defaults to 0 on input l
ine 30.

Overfull \hbox (32.62056pt too wide) in paragraph at lines 25--35
\OT1/cmr/m/n/12 Dazu wur-de in ei-nem ers-ten Schritt ei-ne qua-li-ta-ti-ve Un-
ter-su-chung der Ein-satzm[]oglichkeiten
 []

[2]) (Kapitel/Grundlagen.tex [3] [4]
chapter 2.
<Abbildungen/milgram-rv-continuum.jpeg, id=334, 1793.9522pt x 572.89032pt>
File: Abbildungen/milgram-rv-continuum.jpeg Graphic file (type jpg)
<use Abbildungen/milgram-rv-continuum.jpeg>
Package pdftex.def Info: Abbildungen/milgram-rv-continuum.jpeg  used on input l
ine 10.
(pdftex.def)             Requested size: 341.43437pt x 109.03386pt.

Underfull \hbox (badness 10000) in paragraph at lines 5--17

 []

[5


 <./Abbildungen/milgram-rv-continuum.jpeg>]
<Abbildungen/snapchat-ar.jpg, id=354, 490.08093pt x 275.52937pt>
File: Abbildungen/snapchat-ar.jpg Graphic file (type jpg)
<use Abbildungen/snapchat-ar.jpg>
Package pdftex.def Info: Abbildungen/snapchat-ar.jpg  used on input line 28.
(pdftex.def)             Requested size: 213.39568pt x 119.97202pt.
 [6 <./Abbildungen/snapchat-ar.jpg>]
Overfull \hbox (9.40709pt too wide) in paragraph at lines 35--35
[][][]\OT1/cmr/m/n/6 Umformulieren, 
 []


Overfull \hbox (9.40709pt too wide) in paragraph at lines 35--35
[][][]\OT1/cmr/m/n/6 Umformulieren, 
 []


Overfull \hbox (0.86601pt too wide) in paragraph at lines 42--43
[]\OT1/cmr/m/n/12 Ein Head-Mounted-Display (HMD, deutsch: []am Kopf be-fes-tig-
ter Bild-schirm\)
 []

[7]
Overfull \hbox (0.52646pt too wide) in paragraph at lines 54--55
\OT1/cmr/m/n/12 Des Wei-te-ren kann beim Vi-su-el-len Tracking zwi-schen Mar-ke
r Ba-sed Fea-ture Tracking
 []

[8]
<Abbildungen/BarcodeMarker3x3-10.png, id=402, 170.13562pt x 170.13562pt>
File: Abbildungen/BarcodeMarker3x3-10.png Graphic file (type png)
<use Abbildungen/BarcodeMarker3x3-10.png>
Package pdftex.def Info: Abbildungen/BarcodeMarker3x3-10.png  used on input lin
e 77.
(pdftex.def)             Requested size: 85.35696pt x 85.35576pt.

Underfull \hbox (badness 10000) in paragraph at lines 78--78
[][][]|\OT1/cmr/m/n/12 Ein Bar-co-de Mar-ker f[]ur AR-Tool-Kit mit der ID 10.
 []


Underfull \hbox (badness 10000) in paragraph at lines 78--78
\OT1/cmr/m/n/12 (Quel-le: Ge-ne-riert mit dem Ma-ker Ge-ne-ra-tor htt-
 []


Underfull \hbox (badness 10000) in paragraph at lines 83--89

 []

[9 <./Abbildungen/BarcodeMarker3x3-10.png (PNG copy)>]
<Abbildungen/android-stack.png, id=423, 1389.19pt x 2045.6425pt>
File: Abbildungen/android-stack.png Graphic file (type png)
<use Abbildungen/android-stack.png>
Package pdftex.def Info: Abbildungen/android-stack.png  used on input line 98.
(pdftex.def)             Requested size: 298.75264pt x 439.92943pt.

Overfull \hbox (24.26938pt too wide) in paragraph at lines 95--107
\OT1/cmr/m/n/12 Die Hard-wa-re Ab-strak-ti-ons-chicht (HAL) stellt dem []uberge
ordneten Java-API-Framework
 []


Overfull \hbox (23.1693pt too wide) in paragraph at lines 95--107
\OT1/cmr/m/n/12 Die Ent-wick-lung von An-dro-id An-wen-dun-gen er-folgt da-bei 
[]uber das Java-API-Framework,
 []


LaTeX Warning: `!h' float specifier changed to `!ht'.

[10]
<Abbildungen/activity-lifecycle.png, id=449, 514.92375pt x 665.48625pt>
File: Abbildungen/activity-lifecycle.png Graphic file (type png)
<use Abbildungen/activity-lifecycle.png>
Package pdftex.def Info: Abbildungen/activity-lifecycle.png  used on input line
 115.
(pdftex.def)             Requested size: 298.75264pt x 386.1143pt.

Underfull \hbox (badness 10000) in paragraph at lines 112--119

 []

[11 <./Abbildungen/android-stack.png (PNG copy)>] [12 <./Abbildungen/activity-l
ifecycle.png>]
<Abbildungen/rendering-pipeline-opengl.png, id=488, 272.01625pt x 604.2575pt>
File: Abbildungen/rendering-pipeline-opengl.png Graphic file (type png)
<use Abbildungen/rendering-pipeline-opengl.png>
Package pdftex.def Info: Abbildungen/rendering-pipeline-opengl.png  used on inp
ut line 143.
(pdftex.def)             Requested size: 128.0387pt x 284.43442pt.
<Abbildungen/triangle.png, id=497, 361.35pt x 373.395pt>
File: Abbildungen/triangle.png Graphic file (type png)
<use Abbildungen/triangle.png>
Package pdftex.def Info: Abbildungen/triangle.png  used on input line 152.
(pdftex.def)             Requested size: 128.0387pt x 132.3083pt.
 [13]

LaTeX Warning: `!h' float specifier changed to `!ht'.

[14 <./Abbildungen/rendering-pipeline-opengl.png>]) (Kapitel/Arbeiten.tex
[15 <./Abbildungen/triangle.png>]
chapter 3.
<Abbildungen/ar-object-continuum.png, id=544, 889.82437pt x 237.88875pt>
File: Abbildungen/ar-object-continuum.png Graphic file (type png)
<use Abbildungen/ar-object-continuum.png>
Package pdftex.def Info: Abbildungen/ar-object-continuum.png  used on input lin
e 16.
(pdftex.def)             Requested size: 426.79135pt x 114.09818pt.
[16


]
Overfull \hbox (28.54544pt too wide) in paragraph at lines 30--31
\OT1/cmr/m/n/12 ra-ti-ven, in-struk-ti-ven Ler-nein-hei-ten, wel-che ver-schie-
de-nen In-ter-ak-ti-onsm[]oglichkeiten,
 []


Overfull \hbox (6.70271pt too wide) in paragraph at lines 31--32
[]\OT1/cmr/m/n/12 Des wei-te-ren muss be-dacht wer-den, dass f[]ur die Er-stel-
lung von AR-Lernobjekten
 []

[17 <./Abbildungen/ar-object-continuum.png>] [18]
Overfull \hbox (37.86913pt too wide) in paragraph at lines 59--62
\OT1/cmr/m/n/12 Dabei wur-de die Re-le-vanz ein-zel-ner Ein-satz-ge-bie-te an-h
and der An-zahl an Ver[]offentlichungen
 []

[19] [20] [21]
Overfull \hbox (11.28174pt too wide) in paragraph at lines 108--111
\OT1/cmr/m/n/12 Ler-nen erm[]oglicht, wo-durch das un-abh[]angige, ei-gen-ver-a
nt-wort-li-che Ler-nen der Sch[]uler,
 []


Overfull \hbox (7.18602pt too wide) in paragraph at lines 117--120
\OT1/cmr/m/n/12 Auch ei-ne Ver-bes-se-rung der Krea-ti-vit[]at, der Wis-sens-au
f-nah-me und der Pro-bleml[]osung
 []

[22] [23]
Overfull \hbox (16.02623pt too wide) in paragraph at lines 137--139
\OT1/cmr/m/n/12 lem im Be-reich Be-reich des Geis-tes-zu-stands, der Lern-kur-v
e und der Zug[]anglichkeit
 []

[24]
Underfull \hbox (badness 10000) in paragraph at lines 169--172

 []

[25] [26]
<Abbildungen/artoolkitx-architecture.png, id=735, 1927.2pt x 1084.05pt>
File: Abbildungen/artoolkitx-architecture.png Graphic file (type png)
<use Abbildungen/artoolkitx-architecture.png>
Package pdftex.def Info: Abbildungen/artoolkitx-architecture.png  used on input
 line 195.
(pdftex.def)             Requested size: 341.43437pt x 192.0439pt.

Underfull \hbox (badness 10000) in paragraph at lines 205--206

 []

[27 <./Abbildungen/artoolkitx-architecture.png>]

LaTeX Warning: Reference `fig:atlas-skelett)' on page 28 undefined on input lin
e 207.

<Abbildungen/app-atlas-skelett.png, id=750, 2396.955pt x 1674.255pt>
File: Abbildungen/app-atlas-skelett.png Graphic file (type png)
<use Abbildungen/app-atlas-skelett.png>
Package pdftex.def Info: Abbildungen/app-atlas-skelett.png  used on input line 
211.
(pdftex.def)             Requested size: 341.43437pt x 238.48163pt.
) (Kapitel/Anforderungsanalyse.tex [28 <./Abbildungen/app-atlas-skelett.png>]
chapter 4.

Overfull \hbox (12.7216pt too wide) in paragraph at lines 6--16
\OT1/cmr/m/n/12 Jedoch soll das Kon-zept von An-wen-dun-gen, wie []At-las der H
u-mana-na-to-mie 2020\dabei
 []


Overfull \hbox (8.89157pt too wide) in paragraph at lines 6--16
\OT1/cmr/m/n/12 Der zwei-te Punkt ist, dass an-stel-le des meis-tens ver-wen-de
-ten Ma-tu-ral Fea-ture Tracking
 []

[29


] [30]
Underfull \hbox (badness 10000) in paragraph at lines 40--42

 []


Underfull \hbox (badness 10000) in paragraph at lines 43--45

 []


Underfull \hbox (badness 10000) in paragraph at lines 49--50

 []

<Abbildungen/use-case-diagram.png, id=780, 723.70375pt x 653.44125pt>
File: Abbildungen/use-case-diagram.png Graphic file (type png)
<use Abbildungen/use-case-diagram.png>
Package pdftex.def Info: Abbildungen/use-case-diagram.png  used on input line 5
7.
(pdftex.def)             Requested size: 426.79135pt x 385.3575pt.
[31] [32 <./Abbildungen/use-case-diagram.png>]
Overfull \hbox (8.77196pt too wide) in paragraph at lines 68--71
\OT1/cmr/m/n/12 die Tech-no-lo-gie, die Qua-lit[]at, die Be-nut-ze-ro-ber-fl[]a
che, die durch-zuf[]uhrende T[]atigkeiten
 []


Overfull \hbox (27.84006pt too wide) in paragraph at lines 68--71
\OT1/cmr/m/n/12 Auf Grund-la-ge die-ser De-fi-ni-ti-on wur-den die fol-gen-den 
funk-tio-na-len und nicht-funktionalen
 []

[33]) (Kapitel/Entwurf.tex [34]
chapter 5.

LaTeX Warning: Reference `chapter:Anforderungsanalyse' on page 35 undefined on 
input line 2.


LaTeX Warning: Reference `sec:HMD' on page 35 undefined on input line 10.


Underfull \hbox (badness 10000) in paragraph at lines 8--12

 []

[35


] [36] [37] [38]
<Abbildungen/ui-mockup.png, id=850, 683.55376pt x 393.47pt>
File: Abbildungen/ui-mockup.png Graphic file (type png)
<use Abbildungen/ui-mockup.png>
Package pdftex.def Info: Abbildungen/ui-mockup.png  used on input line 79.
(pdftex.def)             Requested size: 341.43437pt x 196.54237pt.
) (Kapitel/Implementierung.tex
Overfull \hbox (14.1401pt too wide) in paragraph at lines 76--1
\OT1/cmr/m/n/12 les User In-ter-face be-sit-zen, wel-ches dem Nut-zer grund-le-
gen-de In-ter-ak-ti-onsm[]oglichkeiten
 []

[39] [40 <./Abbildungen/ui-mockup.png>]
chapter 6.
[41


] [42] [43] [44] [45] [46]
Overfull \hbox (9.52348pt too wide) in paragraph at lines 133--135
\OT1/cmr/m/n/12 Die \OT1/cmr/m/it/12 sa-ve-Bit-map() \OT1/cmr/m/n/12 Me-tho-de 
spei-chert ein Bild, wel-ches in Form ei-ner Bit-map []ubergeben
 []

[47]
<Abbildungen/barcode-creation.png, id=907, 944.7797pt x 770.12718pt>
File: Abbildungen/barcode-creation.png Graphic file (type png)
<use Abbildungen/barcode-creation.png>
Package pdftex.def Info: Abbildungen/barcode-creation.png  used on input line 1
48.
(pdftex.def)             Requested size: 341.43437pt x 278.31493pt.
 [48 <./Abbildungen/barcode-creation.png>]
Underfull \hbox (badness 10000) in paragraph at lines 165--169

 []

[49]
<Abbildungen/obj-datei.png, id=928, 362.10281pt x 159.59625pt>
File: Abbildungen/obj-datei.png Graphic file (type png)
<use Abbildungen/obj-datei.png>
Package pdftex.def Info: Abbildungen/obj-datei.png  used on input line 191.
(pdftex.def)             Requested size: 256.07741pt x 112.86603pt.


LaTeX Warning: Reference `chapter:Entwurf' on page 50 undefined on input line 1
96.

[50 <./Abbildungen/obj-datei.png>]
Underfull \hbox (badness 10000) in paragraph at lines 208--209

 []

[51]
Underfull \hbox (badness 10000) in paragraph at lines 230--233

 []

[52]
<Abbildungen/Testaufbau.jpeg, id=945, 3661.68pt x 2746.26pt>
File: Abbildungen/Testaufbau.jpeg Graphic file (type jpg)
<use Abbildungen/Testaufbau.jpeg>
Package pdftex.def Info: Abbildungen/Testaufbau.jpeg  used on input line 261.
(pdftex.def)             Requested size: 298.75264pt x 224.06335pt.


LaTeX Warning: `!h' float specifier changed to `!ht'.


Overfull \hbox (6.15714pt too wide) in paragraph at lines 265--265
\OT1/cmr/m/n/6 ment(Anhang)[]  
 []


Overfull \hbox (6.15714pt too wide) in paragraph at lines 265--265
\OT1/cmr/m/n/6 ment(Anhang)[]  
 []


LaTeX Warning: Reference `sec:Testflle' on page 53 undefined on input line 26
6.

[53]
<Abbildungen/Invarianz/Perspektive1.jpg, id=956, 2321.67375pt x 2321.67375pt>
File: Abbildungen/Invarianz/Perspektive1.jpg Graphic file (type jpg)
<use Abbildungen/Invarianz/Perspektive1.jpg>
Package pdftex.def Info: Abbildungen/Invarianz/Perspektive1.jpg  used on input 
line 276.
(pdftex.def)             Requested size: 85.35696pt x 85.34085pt.
<Abbildungen/Invarianz/Perspektive2.jpg, id=957, 2956.04375pt x 2956.04375pt>
File: Abbildungen/Invarianz/Perspektive2.jpg Graphic file (type jpg)
<use Abbildungen/Invarianz/Perspektive2.jpg>
Package pdftex.def Info: Abbildungen/Invarianz/Perspektive2.jpg  used on input 
line 277.
(pdftex.def)             Requested size: 85.35696pt x 85.33968pt.
 [54 <./Abbildungen/Testaufbau.jpeg>]
<Abbildungen/Invarianz/Skalierung1.jpg, id=965, 2255.42625pt x 2269.47874pt>
File: Abbildungen/Invarianz/Skalierung1.jpg Graphic file (type jpg)
<use Abbildungen/Invarianz/Skalierung1.jpg>
Package pdftex.def Info: Abbildungen/Invarianz/Skalierung1.jpg  used on input l
ine 285.
(pdftex.def)             Requested size: 85.35696pt x 85.88094pt.
<Abbildungen/Invarianz/Skalierung2.jpg, id=966, 1896.08376pt x 1896.08376pt>
File: Abbildungen/Invarianz/Skalierung2.jpg Graphic file (type jpg)
<use Abbildungen/Invarianz/Skalierung2.jpg>
Package pdftex.def Info: Abbildungen/Invarianz/Skalierung2.jpg  used on input l
ine 286.
(pdftex.def)             Requested size: 85.35696pt x 85.34901pt.
<Abbildungen/Invarianz/Rotation1.jpg, id=967, 3336.465pt x 3336.465pt>
File: Abbildungen/Invarianz/Rotation1.jpg Graphic file (type jpg)
<use Abbildungen/Invarianz/Rotation1.jpg>
Package pdftex.def Info: Abbildungen/Invarianz/Rotation1.jpg  used on input lin
e 293.
(pdftex.def)             Requested size: 85.35696pt x 85.32564pt.
<Abbildungen/Invarianz/Rotation2.jpg, id=968, 1711.1428pt x 1710.39pt>
File: Abbildungen/Invarianz/Rotation2.jpg Graphic file (type jpg)
<use Abbildungen/Invarianz/Rotation2.jpg>
Package pdftex.def Info: Abbildungen/Invarianz/Rotation2.jpg  used on input lin
e 294.
(pdftex.def)             Requested size: 85.35696pt x 85.31572pt.
<Abbildungen/Invarianz/Belichtung1.jpg, id=969, 2569.34906pt x 2568.59625pt>
File: Abbildungen/Invarianz/Belichtung1.jpg Graphic file (type jpg)
<use Abbildungen/Invarianz/Belichtung1.jpg>
Package pdftex.def Info: Abbildungen/Invarianz/Belichtung1.jpg  used on input l
ine 301.
(pdftex.def)             Requested size: 85.35696pt x 85.3244pt.
<Abbildungen/Invarianz/Belichtung2.jpg, id=970, 1327.96124pt x 1327.96124pt>
File: Abbildungen/Invarianz/Belichtung2.jpg Graphic file (type jpg)
<use Abbildungen/Invarianz/Belichtung2.jpg>
Package pdftex.def Info: Abbildungen/Invarianz/Belichtung2.jpg  used on input l
ine 302.
(pdftex.def)             Requested size: 85.35696pt x 85.34789pt.
 [55 <./Abbildungen/Invarianz/Perspektive1.jpg> <./Abbildungen/Invarianz/Perspe
ktive2.jpg> <./Abbildungen/Invarianz/Skalierung1.jpg> <./Abbildungen/Invarianz/
Skalierung2.jpg> <./Abbildungen/Invarianz/Rotation1.jpg> <./Abbildungen/Invaria
nz/Rotation2.jpg>])
(Kapitel/Evaluation.tex [56 <./Abbildungen/Invarianz/Belichtung1.jpg> <./Abbild
ungen/Invarianz/Belichtung2.jpg>]
chapter 7.
) (Kapitel/Fazit.tex [57


]
chapter 8.
) [58


] (main.bbl
Underfull \hbox (badness 10000) in paragraph at lines 28--35
\OT1/cmtt/m/n/12 developer . android . com / guide / components / activities / 
intro-[]activities$[]\OT1/cmr/m/n/12 .
 []


Underfull \hbox (badness 2426) in paragraph at lines 52--59
[]\OT1/cmr/m/n/12 [Android f]  \OT1/cmr/m/sc/12 An-dro-id\OT1/cmr/m/n/12 :  \OT
1/cmr/m/it/12 Un-der-stand the Ac-ti-vi-ty Li-fe-cy-cle\OT1/cmr/m/n/12 .  We-b-
quel-le.
 []


Underfull \hbox (badness 1052) in paragraph at lines 52--59
\OT1/cmr/m/n/12 --  URL []$\OT1/cmtt/m/n/12 https : / / developer . android . c
om / guide / components / activities /
 []

[59




] [60] [61]) (Kapitel/Anhang.tex [62]
chapter A.
) [63


] (Sonstiges/Erklaerung.tex) [1




]
Package atveryend Info: Empty hook `BeforeClearDocument' on input line 248.
Package atveryend Info: Empty hook `AfterLastShipout' on input line 248.
 (main.aux)
Package atveryend Info: Executing hook `AtVeryEndDocument' on input line 248.
Package atveryend Info: Executing hook `AtEndAfterFileList' on input line 248.
Package rerunfilecheck Info: File `main.out' has not changed.
(rerunfilecheck)             Checksum: D41D8CD98F00B204E9800998ECF8427E;0.


LaTeX Warning: There were undefined references.

Package atveryend Info: Empty hook `AtVeryVeryEnd' on input line 248.
 ) 
Here is how much of TeX's memory you used:
 25599 strings out of 480756
 517688 string characters out of 2903752
 915573 words of memory out of 3000000
 40782 multiletter control sequences out of 15000+200000
 541186 words of font info for 56 fonts, out of 3000000 for 9000
 1141 hyphenation exceptions out of 8191
 73i,19n,90p,10101b,964s stack positions out of 5000i,500n,10000p,200000b,50000s
 <C:\Users\Johannes\AppData\Local\MiKTeX\2.9\fonts/pk/ljfour/jknappen/ec/dpi6
00\tcrm1200.pk><C:/Program Files/MiKTeX 2.9/fonts/type1/public/amsfonts/cm/cmbx
12.pfb><C:/Program Files/MiKTeX 2.9/fonts/type1/public/amsfonts/cm/cmcsc10.pfb>
<C:/Program Files/MiKTeX 2.9/fonts/type1/public/amsfonts/cm/cmmi12.pfb><C:/Prog
ram Files/MiKTeX 2.9/fonts/type1/public/amsfonts/cm/cmr12.pfb><C:/Program Files
/MiKTeX 2.9/fonts/type1/public/amsfonts/cm/cmr6.pfb><C:/Program Files/MiKTeX 2.
9/fonts/type1/public/amsfonts/cm/cmr8.pfb><C:/Program Files/MiKTeX 2.9/fonts/ty
pe1/public/amsfonts/cm/cmsl12.pfb><C:/Program Files/MiKTeX 2.9/fonts/type1/publ
ic/amsfonts/cm/cmssbx10.pfb><C:/Program Files/MiKTeX 2.9/fonts/type1/public/ams
fonts/cm/cmsy10.pfb><C:/Program Files/MiKTeX 2.9/fonts/type1/public/amsfonts/cm
/cmti12.pfb><C:/Program Files/MiKTeX 2.9/fonts/type1/public/amsfonts/cm/cmtt12.
pfb>
Output written on main.pdf (71 pages, 16171022 bytes).
PDF statistics:
 1444 PDF objects out of 1728 (max. 8388607)
 322 named destinations out of 1000 (max. 500000)
 986 words of extra memory for PDF output out of 10000 (max. 10000000)

